<?xml version="1.0" encoding="UTF-8"?>
<!-- Generated by org.testng.reporters.JUnitXMLReporter -->
<testsuite ignored="10" hostname="AnsarAli" failures="0" tests="3" name="Test" time="297.136" errors="0" timestamp="2025-05-23T09:03:45 IST">
  <testcase classname="OrganizationTest.ToCreateOrganizationWithTwoDropDownTest" name="ToCreateOrgWithTwoDropDown" time="51.613"/>
  <testcase classname="OrganizationTest.ToCreateOrganizationWithIndustryDropDownTest" name="ToCreateOrgWithIndustryDropDown" time="22.22"/>
  <testcase classname="OrganizationTest.ToCreateOrganizationTest" name="toCreateOrganization" time="20.982"/>
  <testcase classname="GenericUtility.BassClass" name="@BeforeSuite beforeSuiteConfig" time="0.0">
    <ignored/>
  </testcase> <!-- @BeforeSuite beforeSuiteConfig -->
  <testcase classname="GenericUtility.BassClass" name="@BeforeSuite beforeSuiteConfig" time="0.0">
    <ignored/>
  </testcase> <!-- @BeforeSuite beforeSuiteConfig -->
  <testcase classname="GenericUtility.BassClass" name="@AfterSuite afterSuiteConfig" time="0.0">
    <ignored/>
  </testcase> <!-- @AfterSuite afterSuiteConfig -->
  <testcase classname="GenericUtility.BassClass" name="@AfterSuite afterSuiteConfig" time="0.0">
    <ignored/>
  </testcase> <!-- @AfterSuite afterSuiteConfig -->
  <testcase classname="GenericUtility.BassClass" name="@BeforeSuite beforeSuiteConfig" time="0.0">
    <ignored/>
  </testcase> <!-- @BeforeSuite beforeSuiteConfig -->
  <testcase classname="ContactTest.ToCreateontactWithSelectOrganizationTest" name="tocreateContact_001" time="0.0">
    <ignored/>
  </testcase> <!-- tocreateContact_001 -->
  <testcase classname="GenericUtility.BassClass" name="@AfterSuite afterSuiteConfig" time="0.0">
    <ignored/>
  </testcase> <!-- @AfterSuite afterSuiteConfig -->
  <testcase classname="ContactTest.ToCreateContactTest" name="tocreateContact_001" time="0.0">
    <ignored/>
  </testcase> <!-- tocreateContact_001 -->
  <testcase classname="GenericUtility.BassClass" name="@AfterSuite afterSuiteConfig" time="0.0">
    <ignored/>
  </testcase> <!-- @AfterSuite afterSuiteConfig -->
  <testcase classname="GenericUtility.BassClass" name="@BeforeSuite beforeSuiteConfig" time="0.0">
    <ignored/>
  </testcase> <!-- @BeforeSuite beforeSuiteConfig -->
</testsuite> <!-- Test -->
